14:01:29.926 [sandbox-akka.actor.default-dispatcher-4] INFO  akka.event.slf4j.Slf4jLogger - Slf4jLogger started 
14:01:34.650 [program-resource-pool-3] INFO  c.d.p.apiserver.LedgerApiServer - Listening on localhost:6865 over plain text. 
14:01:34.666 [program-resource-pool-3] INFO  com.daml.platform.sandboxnext.Runner - Initialized sandbox version 1.14.0-snapshot.20210511.6892.0.ca9e89b3 with ledger-id = create-daml-app-sandbox, port = 6865, dar file = List(.daml/dist/create-daml-app-0.1.0.dar), time mode = wall-clock time, ledger = in-memory, auth-service = AuthServiceWildcard$, contract ids seeding = strong 
15:36:10.107 [sandbox-akka.actor.default-dispatcher-4] INFO  akka.event.slf4j.Slf4jLogger - Slf4jLogger started 
15:36:14.631 [program-resource-pool-3] INFO  c.d.p.apiserver.LedgerApiServer - Listening on localhost:6865 over plain text. 
15:36:14.645 [program-resource-pool-3] INFO  com.daml.platform.sandboxnext.Runner - Initialized sandbox version 1.14.0-snapshot.20210511.6892.0.ca9e89b3 with ledger-id = create-daml-app-sandbox, port = 6865, dar file = List(.daml/dist/create-daml-app-0.1.0.dar), time mode = wall-clock time, ledger = in-memory, auth-service = AuthServiceWildcard$, contract ids seeding = strong 
15:56:32.643 [sandbox-akka.actor.default-dispatcher-5] INFO  akka.event.slf4j.Slf4jLogger - Slf4jLogger started 
15:56:37.069 [scala-execution-context-global-84] ERROR com.daml.resources.ProgramResource - Shutting down because of an initialization error. 
com.daml.platform.apiserver.GrpcServer$UnableToBind: The API server was unable to bind to port 6865. Terminate the process occupying the port, or choose a different one.
Caused by: java.net.BindException: Die Adresse wird bereits verwendet
	at java.base/sun.nio.ch.Net.bind0(Native Method)
	at java.base/sun.nio.ch.Net.bind(Net.java:455)
	at java.base/sun.nio.ch.Net.bind(Net.java:447)
	at java.base/sun.nio.ch.ServerSocketChannelImpl.bind(ServerSocketChannelImpl.java:227)
	at io.netty.channel.socket.nio.NioServerSocketChannel.doBind(NioServerSocketChannel.java:134)
	at io.netty.channel.AbstractChannel$AbstractUnsafe.bind(AbstractChannel.java:550)
	at io.netty.channel.DefaultChannelPipeline$HeadContext.bind(DefaultChannelPipeline.java:1334)
	at io.netty.channel.AbstractChannelHandlerContext.invokeBind(AbstractChannelHandlerContext.java:506)
	at io.netty.channel.AbstractChannelHandlerContext.bind(AbstractChannelHandlerContext.java:491)
	at io.netty.channel.DefaultChannelPipeline.bind(DefaultChannelPipeline.java:973)
	at io.netty.channel.AbstractChannel.bind(AbstractChannel.java:248)
	at io.netty.bootstrap.AbstractBootstrap$2.run(AbstractBootstrap.java:356)
	at io.netty.util.concurrent.AbstractEventExecutor.safeExecute(AbstractEventExecutor.java:164)
	at io.netty.util.concurrent.SingleThreadEventExecutor.runAllTasks(SingleThreadEventExecutor.java:472)
	at io.netty.channel.nio.NioEventLoop.run(NioEventLoop.java:500)
	at io.netty.util.concurrent.SingleThreadEventExecutor$4.run(SingleThreadEventExecutor.java:989)
	at io.netty.util.internal.ThreadExecutorMap$2.run(ThreadExecutorMap.java:74)
	at io.netty.util.concurrent.FastThreadLocalRunnable.run(FastThreadLocalRunnable.java:30)
	at java.base/java.lang.Thread.run(Thread.java:829)
15:57:43.427 [sandbox-akka.actor.default-dispatcher-4] INFO  akka.event.slf4j.Slf4jLogger - Slf4jLogger started 
15:57:47.661 [program-resource-pool-3] INFO  c.d.p.apiserver.LedgerApiServer - Listening on localhost:6865 over plain text. 
15:57:47.677 [program-resource-pool-3] INFO  com.daml.platform.sandboxnext.Runner - Initialized sandbox version 1.14.0-snapshot.20210511.6892.0.ca9e89b3 with ledger-id = create-daml-app-sandbox, port = 6865, dar file = List(.daml/dist/create-daml-app-0.1.0.dar), time mode = wall-clock time, ledger = in-memory, auth-service = AuthServiceWildcard$, contract ids seeding = strong 
